C:\testdata\TP10\Ordner\Bauanleitungen
C:\testdata\TP10\Ordner\Bauanleitungen
C:\testdata\TP10\Ordner\Bauanleitungen
C:\testdata\TP10\Ordner\Bauanleitungen
C:\testdata\TP10\Ordner\Bauanleitungen\Flieger Bauplan.png
C:\testdata\TP10\Ordner\Bauanleitungen\Hornissenkasten Plan.png
C:\testdata\TP10\Ordner\Bauanleitungen\Kartoffelbatterie.png
C:\testdata\TP10\Ordner\Bauanleitungen\Schaukel Bauanleitung.png
C:\testdata\TP10\Ordner\Ergebnislisten
C:\testdata\TP10\Ordner\Ergebnislisten
C:\testdata\TP10\Ordner\Ergebnislisten\Ergebnis Radrennen Tirol.pdf
C:\testdata\TP10\Ordner\Ergebnislisten\Ergebnis Schifahren Kaprun.pdf
C:\testdata\TP10\Ordner\Fotos\Sonstiges
C:\testdata\TP10\Ordner\Fotos\Sonstiges\GVB Linie 5.jpg
C:\testdata\TP10\Ordner\Fotos\Sport
C:\testdata\TP10\Ordner\Fotos\Sport\Start Grazmarathon.jpg
C:\testdata\TP10\Ordner\Fotos\Studium
C:\testdata\TP10\Ordner\Fotos\Studium\Vorlesung BWL.jpg
C:\testdata\TP10\Ordner\Fotos\Sturm
C:\testdata\TP10\Ordner\Fotos\Sturm\SK Sturm Knirpse.jpg
C:\testdata\TP10\Ordner\Fotos\Urlaub
C:\testdata\TP10\Ordner\Fotos\Urlaub
C:\testdata\TP10\Ordner\Fotos\Urlaub
C:\testdata\TP10\Ordner\Fotos\Urlaub
C:\testdata\TP10\Ordner\Fotos\Urlaub
C:\testdata\TP10\Ordner\Fotos\Urlaub
C:\testdata\TP10\Ordner\Fotos\Urlaub\Ausflug Alpensee.jpg
C:\testdata\TP10\Ordner\Fotos\Urlaub\Graz Schlossberg.jpg
C:\testdata\TP10\Ordner\Fotos\Urlaub\Schifahren Schweiz.jpg
C:\testdata\TP10\Ordner\Fotos\Urlaub\Segeln Adria.jpg
C:\testdata\TP10\Ordner\Fotos\Urlaub\Segeln Mittelmeer.jpg
C:\testdata\TP10\Ordner\Fotos\Urlaub\Wien Steffl.jpg
C:\testdata\TP10\Ordner\Gutscheine
C:\testdata\TP10\Ordner\Gutscheine
C:\testdata\TP10\Ordner\Gutscheine\Gutschein Skoda.pdf
C:\testdata\TP10\Ordner\Gutscheine\IKEA Gutschein.pdf
C:\testdata\TP10\Ordner\Landkarten
C:\testdata\TP10\Ordner\Landkarten
C:\testdata\TP10\Ordner\Landkarten\Antikes Rom.png
C:\testdata\TP10\Ordner\Landkarten\Landkarte Österreich.png
C:\testdata\TP10\Ordner\Netzplaene
C:\testdata\TP10\Ordner\Netzplaene
C:\testdata\TP10\Ordner\Netzplaene
C:\testdata\TP10\Ordner\Netzplaene\Netzplan GVB.png
C:\testdata\TP10\Ordner\Netzplaene\Netzplan Paris.png
C:\testdata\TP10\Ordner\Netzplaene\Wiener Linien.png
C:\testdata\TP10\Ordner\Rechnungen
C:\testdata\TP10\Ordner\Rechnungen\UPC Musterrechnung.pdf
C:\testdata\TP10\Ordner\Studium\Administrativ
C:\testdata\TP10\Ordner\Studium\Administrativ\Bestellschein Uni Innsbruck.pdf
C:\testdata\TP10\Ordner\Studium\Praesentationen
C:\testdata\TP10\Ordner\Studium\Praesentationen\Praesentation Sanierung-Insolvenz.pdf
C:\testdata\TP10\Ordner\Studium\Skripten
C:\testdata\TP10\Ordner\Studium\Skripten
C:\testdata\TP10\Ordner\Studium\Skripten\Mathematikskriptum.pdf
C:\testdata\TP10\Ordner\Studium\Skripten\Skriptum Psychoanalyse.pdf
C:\testdata\TP10\Ordner\Studium\Webresourcen
C:\testdata\TP10\Ordner\Studium\Webresourcen\Geschichte Wiener Börse.pdf
C:\testdata\TP10\Ordner\Stuff
C:\testdata\TP10\Ordner\Stuff\Sturmlogo.png
C:\testdata\TP11\Ordner\Ausflugsbilder
C:\testdata\TP11\Ordner\Ausflugsbilder
C:\testdata\TP11\Ordner\Ausflugsbilder
C:\testdata\TP11\Ordner\Ausflugsbilder
C:\testdata\TP11\Ordner\Ausflugsbilder
C:\testdata\TP11\Ordner\Ausflugsbilder\Ausflug Alpensee.jpg
C:\testdata\TP11\Ordner\Ausflugsbilder\Graz Schlossberg.jpg
C:\testdata\TP11\Ordner\Ausflugsbilder\GVB Linie 5.jpg
C:\testdata\TP11\Ordner\Ausflugsbilder\Segeln Adria.jpg
C:\testdata\TP11\Ordner\Ausflugsbilder\Segeln Mittelmeer.jpg
C:\testdata\TP11\Ordner\Bauplan
C:\testdata\TP11\Ordner\Bauplan
C:\testdata\TP11\Ordner\Bauplan
C:\testdata\TP11\Ordner\Bauplan
C:\testdata\TP11\Ordner\Bauplan\Flieger Bauplan.png
C:\testdata\TP11\Ordner\Bauplan\Hornissenkasten Plan.png
C:\testdata\TP11\Ordner\Bauplan\Kartoffelbatterie.png
C:\testdata\TP11\Ordner\Bauplan\Schaukel Bauanleitung.png
C:\testdata\TP11\Ordner\Bestellungen
C:\testdata\TP11\Ordner\Bestellungen\Bestellschein Uni Innsbruck.pdf
C:\testdata\TP11\Ordner\Diverse
C:\testdata\TP11\Ordner\Diverse
C:\testdata\TP11\Ordner\Diverse
C:\testdata\TP11\Ordner\Diverse\Antikes Rom.png
C:\testdata\TP11\Ordner\Diverse\Landkarte Österreich.png
C:\testdata\TP11\Ordner\Diverse\Vorlesung BWL.jpg
C:\testdata\TP11\Ordner\Ergebnislisten
C:\testdata\TP11\Ordner\Ergebnislisten
C:\testdata\TP11\Ordner\Ergebnislisten\Ergebnis Radrennen Tirol.pdf
C:\testdata\TP11\Ordner\Ergebnislisten\Ergebnis Schifahren Kaprun.pdf
C:\testdata\TP11\Ordner\Gutscheine
C:\testdata\TP11\Ordner\Gutscheine
C:\testdata\TP11\Ordner\Gutscheine\Gutschein Skoda.pdf
C:\testdata\TP11\Ordner\Gutscheine\IKEA Gutschein.pdf
C:\testdata\TP11\Ordner\Netzpläne
C:\testdata\TP11\Ordner\Netzpläne
C:\testdata\TP11\Ordner\Netzpläne
C:\testdata\TP11\Ordner\Netzpläne\Netzplan GVB.png
C:\testdata\TP11\Ordner\Netzpläne\Netzplan Paris.png
C:\testdata\TP11\Ordner\Netzpläne\Wiener Linien.png
C:\testdata\TP11\Ordner\Presentations
C:\testdata\TP11\Ordner\Presentations
C:\testdata\TP11\Ordner\Presentations\Geschichte Wiener Börse.pdf
C:\testdata\TP11\Ordner\Presentations\Praesentation Sanierung-Insolvenz.pdf
C:\testdata\TP11\Ordner\Skripte
C:\testdata\TP11\Ordner\Skripte
C:\testdata\TP11\Ordner\Skripte\Mathematikskriptum.pdf
C:\testdata\TP11\Ordner\Skripte\Skriptum Psychoanalyse.pdf
C:\testdata\TP11\Ordner\Sportbilder
C:\testdata\TP11\Ordner\Sportbilder
C:\testdata\TP11\Ordner\Sportbilder
C:\testdata\TP11\Ordner\Sportbilder
C:\testdata\TP11\Ordner\Sportbilder
C:\testdata\TP11\Ordner\Sportbilder\Schifahren Schweiz.jpg
C:\testdata\TP11\Ordner\Sportbilder\Segeln Adria.jpg
C:\testdata\TP11\Ordner\Sportbilder\Segeln Mittelmeer.jpg
C:\testdata\TP11\Ordner\Sportbilder\SK Sturm Knirpse.jpg
C:\testdata\TP11\Ordner\Sportbilder\Start Grazmarathon.jpg
C:\testdata\TP11\Ordner\Wienbilder
C:\testdata\TP11\Ordner\Wienbilder\Wien Steffl.jpg
C:\testdata\TP12\Ordner\Bilder\Plan - öffentliche Verkehrsmittel
C:\testdata\TP12\Ordner\Bilder\Plan - öffentliche Verkehrsmittel
C:\testdata\TP12\Ordner\Bilder\Plan - öffentliche Verkehrsmittel
C:\testdata\TP12\Ordner\Bilder\Plan - öffentliche Verkehrsmittel
C:\testdata\TP12\Ordner\Bilder\Plan - öffentliche Verkehrsmittel\GVB Linie 5.jpg
C:\testdata\TP12\Ordner\Bilder\Plan - öffentliche Verkehrsmittel\Netzplan GVB.png
C:\testdata\TP12\Ordner\Bilder\Plan - öffentliche Verkehrsmittel\Netzplan Paris.png
C:\testdata\TP12\Ordner\Bilder\Plan - öffentliche Verkehrsmittel\Wiener Linien.png
C:\testdata\TP12\Ordner\Bilder\Sturm
C:\testdata\TP12\Ordner\Bilder\Sturm
C:\testdata\TP12\Ordner\Bilder\Sturm\SK Sturm Knirpse.jpg
C:\testdata\TP12\Ordner\Bilder\Sturm\Sturmlogo.png
C:\testdata\TP12\Ordner\Bilder\Urlaub
C:\testdata\TP12\Ordner\Bilder\Urlaub
C:\testdata\TP12\Ordner\Bilder\Urlaub
C:\testdata\TP12\Ordner\Bilder\Urlaub
C:\testdata\TP12\Ordner\Bilder\Urlaub\Flieger Bauplan.png
C:\testdata\TP12\Ordner\Bilder\Urlaub\Hornissenkasten Plan.png
C:\testdata\TP12\Ordner\Bilder\Urlaub\Kartoffelbatterie.png
C:\testdata\TP12\Ordner\Bilder\Urlaub\Schaukel Bauanleitung.png
C:\testdata\TP12\Ordner\Bilder\Urlaub\Schweiz
C:\testdata\TP12\Ordner\Bilder\Urlaub\Schweiz\Schifahren Schweiz.jpg
C:\testdata\TP12\Ordner\Bilder\Urlaub\Segeln
C:\testdata\TP12\Ordner\Bilder\Urlaub\Segeln
C:\testdata\TP12\Ordner\Bilder\Urlaub\Segeln\Segeln Adria.jpg
C:\testdata\TP12\Ordner\Bilder\Urlaub\Segeln\Segeln Mittelmeer.jpg
C:\testdata\TP12\Ordner\Bilder\Urlaub\Österreich
C:\testdata\TP12\Ordner\Bilder\Urlaub\Österreich
C:\testdata\TP12\Ordner\Bilder\Urlaub\Österreich
C:\testdata\TP12\Ordner\Bilder\Urlaub\Österreich
C:\testdata\TP12\Ordner\Bilder\Urlaub\Österreich
C:\testdata\TP12\Ordner\Bilder\Urlaub\Österreich
C:\testdata\TP12\Ordner\Bilder\Urlaub\Österreich\Antikes Rom.png
C:\testdata\TP12\Ordner\Bilder\Urlaub\Österreich\Ausflug Alpensee.jpg
C:\testdata\TP12\Ordner\Bilder\Urlaub\Österreich\Graz Schlossberg.jpg
C:\testdata\TP12\Ordner\Bilder\Urlaub\Österreich\Landkarte Österreich.png
C:\testdata\TP12\Ordner\Bilder\Urlaub\Österreich\Start Grazmarathon.jpg
C:\testdata\TP12\Ordner\Bilder\Urlaub\Österreich\Wien Steffl.jpg
C:\testdata\TP12\Ordner\Gutscheine
C:\testdata\TP12\Ordner\Gutscheine
C:\testdata\TP12\Ordner\Gutscheine\Gutschein Skoda.pdf
C:\testdata\TP12\Ordner\Gutscheine\IKEA Gutschein.pdf
C:\testdata\TP12\Ordner\Sport\Radfahren
C:\testdata\TP12\Ordner\Sport\Radfahren\Ergebnis Radrennen Tirol.pdf
C:\testdata\TP12\Ordner\Sport\Schifahren
C:\testdata\TP12\Ordner\Sport\Schifahren\Ergebnis Schifahren Kaprun.pdf
C:\testdata\TP12\Ordner\Universität
C:\testdata\TP12\Ordner\Universität
C:\testdata\TP12\Ordner\Universität
C:\testdata\TP12\Ordner\Universität\Geschichte Wiener Börse.pdf
C:\testdata\TP12\Ordner\Universität\Mathematik
C:\testdata\TP12\Ordner\Universität\Mathematik\Mathematikskriptum.pdf
C:\testdata\TP12\Ordner\Universität\Praesentation Sanierung-Insolvenz.pdf
C:\testdata\TP12\Ordner\Universität\Psychoanalyse
C:\testdata\TP12\Ordner\Universität\Psychoanalyse\Skriptum Psychoanalyse.pdf
C:\testdata\TP12\Ordner\Universität\Vorlesung BWL.jpg
C:\testdata\TP12\Ordner\Vorlagen - Dokumente
C:\testdata\TP12\Ordner\Vorlagen - Dokumente
C:\testdata\TP12\Ordner\Vorlagen - Dokumente\Bestellschein Uni Innsbruck.pdf
C:\testdata\TP12\Ordner\Vorlagen - Dokumente\UPC Musterrechnung.pdf
C:\testdata\TP13\Ordner\Sport
C:\testdata\TP13\Ordner\Sport
C:\testdata\TP13\Ordner\Sport
C:\testdata\TP13\Ordner\Sport
C:\testdata\TP13\Ordner\Sport
C:\testdata\TP13\Ordner\Sport
C:\testdata\TP13\Ordner\Sport
C:\testdata\TP13\Ordner\Sport\Ausflug Alpensee.jpg
C:\testdata\TP13\Ordner\Sport\Ergebnislisten
C:\testdata\TP13\Ordner\Sport\Ergebnislisten
C:\testdata\TP13\Ordner\Sport\Ergebnislisten\Ergebnis Radrennen Tirol.pdf
C:\testdata\TP13\Ordner\Sport\Ergebnislisten\Ergebnis Schifahren Kaprun.pdf
C:\testdata\TP13\Ordner\Sport\Schifahren Schweiz.jpg
C:\testdata\TP13\Ordner\Sport\Segeln Adria.jpg
C:\testdata\TP13\Ordner\Sport\Segeln Mittelmeer.jpg
C:\testdata\TP13\Ordner\Sport\SK Sturm Knirpse.jpg
C:\testdata\TP13\Ordner\Sport\Start Grazmarathon.jpg
C:\testdata\TP13\Ordner\Sport\Sturmlogo.png
C:\testdata\TP13\Ordner\Stuff
C:\testdata\TP13\Ordner\Stuff\Baupläne
C:\testdata\TP13\Ordner\Stuff\Baupläne
C:\testdata\TP13\Ordner\Stuff\Baupläne
C:\testdata\TP13\Ordner\Stuff\Baupläne
C:\testdata\TP13\Ordner\Stuff\Baupläne\Flieger Bauplan.png
C:\testdata\TP13\Ordner\Stuff\Baupläne\Hornissenkasten Plan.png
C:\testdata\TP13\Ordner\Stuff\Baupläne\Kartoffelbatterie.png
C:\testdata\TP13\Ordner\Stuff\Baupläne\Schaukel Bauanleitung.png
C:\testdata\TP13\Ordner\Stuff\Gutscheine
C:\testdata\TP13\Ordner\Stuff\Gutscheine
C:\testdata\TP13\Ordner\Stuff\Gutscheine\Gutschein Skoda.pdf
C:\testdata\TP13\Ordner\Stuff\Gutscheine\IKEA Gutschein.pdf
C:\testdata\TP13\Ordner\Stuff\Städte
C:\testdata\TP13\Ordner\Stuff\Städte\Graz
C:\testdata\TP13\Ordner\Stuff\Städte\Graz
C:\testdata\TP13\Ordner\Stuff\Städte\Graz
C:\testdata\TP13\Ordner\Stuff\Städte\Graz\Graz Schlossberg.jpg
C:\testdata\TP13\Ordner\Stuff\Städte\Graz\GVB Linie 5.jpg
C:\testdata\TP13\Ordner\Stuff\Städte\Graz\Netzplan GVB.png
C:\testdata\TP13\Ordner\Stuff\Städte\Landkarte Österreich.png
C:\testdata\TP13\Ordner\Stuff\Städte\Other
C:\testdata\TP13\Ordner\Stuff\Städte\Other
C:\testdata\TP13\Ordner\Stuff\Städte\Other\Antikes Rom.png
C:\testdata\TP13\Ordner\Stuff\Städte\Other\Netzplan Paris.png
C:\testdata\TP13\Ordner\Stuff\Städte\Wien
C:\testdata\TP13\Ordner\Stuff\Städte\Wien
C:\testdata\TP13\Ordner\Stuff\Städte\Wien\Wiener Linien.png
C:\testdata\TP13\Ordner\Stuff\Städte\Wien\Wien Steffl.jpg
C:\testdata\TP13\Ordner\Stuff\UPC Musterrechnung.pdf
C:\testdata\TP13\Ordner\Uni
C:\testdata\TP13\Ordner\Uni
C:\testdata\TP13\Ordner\Uni
C:\testdata\TP13\Ordner\Uni
C:\testdata\TP13\Ordner\Uni
C:\testdata\TP13\Ordner\Uni
C:\testdata\TP13\Ordner\Uni\Bestellschein Uni Innsbruck.pdf
C:\testdata\TP13\Ordner\Uni\Geschichte Wiener Börse.pdf
C:\testdata\TP13\Ordner\Uni\Mathematikskriptum.pdf
C:\testdata\TP13\Ordner\Uni\Praesentation Sanierung-Insolvenz.pdf
C:\testdata\TP13\Ordner\Uni\Skriptum Psychoanalyse.pdf
C:\testdata\TP13\Ordner\Uni\Vorlesung BWL.jpg
C:\testdata\TP14\Ordner\Bilder\Bauanleitungen
C:\testdata\TP14\Ordner\Bilder\Bauanleitungen
C:\testdata\TP14\Ordner\Bilder\Bauanleitungen
C:\testdata\TP14\Ordner\Bilder\Bauanleitungen
C:\testdata\TP14\Ordner\Bilder\Bauanleitungen\Flieger Bauplan.png
C:\testdata\TP14\Ordner\Bilder\Bauanleitungen\Hornissenkasten Plan.png
C:\testdata\TP14\Ordner\Bilder\Bauanleitungen\Kartoffelbatterie.png
C:\testdata\TP14\Ordner\Bilder\Bauanleitungen\Schaukel Bauanleitung.png
C:\testdata\TP14\Ordner\Bilder\BWL_Vorlesung
C:\testdata\TP14\Ordner\Bilder\BWL_Vorlesung\Vorlesung BWL.jpg
C:\testdata\TP14\Ordner\Bilder\Div. Karten
C:\testdata\TP14\Ordner\Bilder\Div. Karten
C:\testdata\TP14\Ordner\Bilder\Div. Karten\Antikes Rom.png
C:\testdata\TP14\Ordner\Bilder\Div. Karten\Landkarte Österreich.png
C:\testdata\TP14\Ordner\Bilder\Marathon Graz
C:\testdata\TP14\Ordner\Bilder\Marathon Graz\Start Grazmarathon.jpg
C:\testdata\TP14\Ordner\Bilder\Netzpläne
C:\testdata\TP14\Ordner\Bilder\Netzpläne
C:\testdata\TP14\Ordner\Bilder\Netzpläne
C:\testdata\TP14\Ordner\Bilder\Netzpläne\Netzplan GVB.png
C:\testdata\TP14\Ordner\Bilder\Netzpläne\Netzplan Paris.png
C:\testdata\TP14\Ordner\Bilder\Netzpläne\Wiener Linien.png
C:\testdata\TP14\Ordner\Bilder\SK Sturm
C:\testdata\TP14\Ordner\Bilder\SK Sturm
C:\testdata\TP14\Ordner\Bilder\SK Sturm\SK Sturm Knirpse.jpg
C:\testdata\TP14\Ordner\Bilder\SK Sturm\Sturmlogo.png
C:\testdata\TP14\Ordner\Bilder\Urlaub\Ausflug_Alpensee
C:\testdata\TP14\Ordner\Bilder\Urlaub\Ausflug_Alpensee\Ausflug Alpensee.jpg
C:\testdata\TP14\Ordner\Bilder\Urlaub\Ausflug_Graz
C:\testdata\TP14\Ordner\Bilder\Urlaub\Ausflug_Graz
C:\testdata\TP14\Ordner\Bilder\Urlaub\Ausflug_Graz\Graz Schlossberg.jpg
C:\testdata\TP14\Ordner\Bilder\Urlaub\Ausflug_Graz\GVB Linie 5.jpg
C:\testdata\TP14\Ordner\Bilder\Urlaub\Segeln_Adria
C:\testdata\TP14\Ordner\Bilder\Urlaub\Segeln_Adria\Segeln Adria.jpg
C:\testdata\TP14\Ordner\Bilder\Urlaub\Segeln_Mittelmeer
C:\testdata\TP14\Ordner\Bilder\Urlaub\Segeln_Mittelmeer\Segeln Mittelmeer.jpg
C:\testdata\TP14\Ordner\Bilder\Urlaub\Skifahren_Schweiz
C:\testdata\TP14\Ordner\Bilder\Urlaub\Skifahren_Schweiz\Schifahren Schweiz.jpg
C:\testdata\TP14\Ordner\Bilder\Urlaub\Wien
C:\testdata\TP14\Ordner\Bilder\Urlaub\Wien\Wien Steffl.jpg
C:\testdata\TP14\Ordner\Gutscheine
C:\testdata\TP14\Ordner\Gutscheine
C:\testdata\TP14\Ordner\Gutscheine\Gutschein Skoda.pdf
C:\testdata\TP14\Ordner\Gutscheine\IKEA Gutschein.pdf
C:\testdata\TP14\Ordner\Rechnungen\UPC
C:\testdata\TP14\Ordner\Rechnungen\UPC\UPC Musterrechnung.pdf
C:\testdata\TP14\Ordner\Sonstiges
C:\testdata\TP14\Ordner\Sonstiges
C:\testdata\TP14\Ordner\Sonstiges\Geschichte Wiener Börse.pdf
C:\testdata\TP14\Ordner\Sonstiges\Praesentation Sanierung-Insolvenz.pdf
C:\testdata\TP14\Ordner\Sport\Radfahren
C:\testdata\TP14\Ordner\Sport\Radfahren\Ergebnis Radrennen Tirol.pdf
C:\testdata\TP14\Ordner\Sport\Skifahren
C:\testdata\TP14\Ordner\Sport\Skifahren\Ergebnis Schifahren Kaprun.pdf
C:\testdata\TP14\Ordner\Universität\Bestellungen
C:\testdata\TP14\Ordner\Universität\Bestellungen\Bestellschein Uni Innsbruck.pdf
C:\testdata\TP14\Ordner\Universität\Vorlesungen\Mathematik\Skriptum
C:\testdata\TP14\Ordner\Universität\Vorlesungen\Mathematik\Skriptum\Mathematikskriptum.pdf
C:\testdata\TP14\Ordner\Universität\Vorlesungen\Psychoanalyse\Skriptum
C:\testdata\TP14\Ordner\Universität\Vorlesungen\Psychoanalyse\Skriptum\Skriptum Psychoanalyse.pdf
C:\testdata\TP15\Ordner\Bilder
C:\testdata\TP15\Ordner\Bilder
C:\testdata\TP15\Ordner\Bilder
C:\testdata\TP15\Ordner\Bilder
C:\testdata\TP15\Ordner\Bilder
C:\testdata\TP15\Ordner\Bilder
C:\testdata\TP15\Ordner\Bilder
C:\testdata\TP15\Ordner\Bilder
C:\testdata\TP15\Ordner\Bilder\Anleitungen
C:\testdata\TP15\Ordner\Bilder\Anleitungen
C:\testdata\TP15\Ordner\Bilder\Anleitungen
C:\testdata\TP15\Ordner\Bilder\Anleitungen
C:\testdata\TP15\Ordner\Bilder\Anleitungen\Flieger Bauplan.png
C:\testdata\TP15\Ordner\Bilder\Anleitungen\Hornissenkasten Plan.png
C:\testdata\TP15\Ordner\Bilder\Anleitungen\Kartoffelbatterie.png
C:\testdata\TP15\Ordner\Bilder\Anleitungen\Schaukel Bauanleitung.png
C:\testdata\TP15\Ordner\Bilder\Antikes Rom.png
C:\testdata\TP15\Ordner\Bilder\Ausflug Alpensee.jpg
C:\testdata\TP15\Ordner\Bilder\Graz Schlossberg.jpg
C:\testdata\TP15\Ordner\Bilder\GVB Linie 5.jpg
C:\testdata\TP15\Ordner\Bilder\Landkarte Österreich.png
C:\testdata\TP15\Ordner\Bilder\Netzpläne
C:\testdata\TP15\Ordner\Bilder\Netzpläne
C:\testdata\TP15\Ordner\Bilder\Netzpläne
C:\testdata\TP15\Ordner\Bilder\Netzpläne\Netzplan GVB.png
C:\testdata\TP15\Ordner\Bilder\Netzpläne\Netzplan Paris.png
C:\testdata\TP15\Ordner\Bilder\Netzpläne\Wiener Linien.png
C:\testdata\TP15\Ordner\Bilder\SK Sturm Knirpse.jpg
C:\testdata\TP15\Ordner\Bilder\Sturmlogo.png
C:\testdata\TP15\Ordner\Bilder\Wien Steffl.jpg
C:\testdata\TP15\Ordner\Diverses
C:\testdata\TP15\Ordner\Diverses
C:\testdata\TP15\Ordner\Diverses
C:\testdata\TP15\Ordner\Diverses
C:\testdata\TP15\Ordner\Diverses
C:\testdata\TP15\Ordner\Diverses\Geschichte Wiener Börse.pdf
C:\testdata\TP15\Ordner\Diverses\Gutschein Skoda.pdf
C:\testdata\TP15\Ordner\Diverses\IKEA Gutschein.pdf
C:\testdata\TP15\Ordner\Diverses\Praesentation Sanierung-Insolvenz.pdf
C:\testdata\TP15\Ordner\Diverses\UPC Musterrechnung.pdf
C:\testdata\TP15\Ordner\Sport
C:\testdata\TP15\Ordner\Sport
C:\testdata\TP15\Ordner\Sport
C:\testdata\TP15\Ordner\Sport
C:\testdata\TP15\Ordner\Sport\Ergebnisse
C:\testdata\TP15\Ordner\Sport\Ergebnisse
C:\testdata\TP15\Ordner\Sport\Ergebnisse\Ergebnis Radrennen Tirol.pdf
C:\testdata\TP15\Ordner\Sport\Ergebnisse\Ergebnis Schifahren Kaprun.pdf
C:\testdata\TP15\Ordner\Sport\Schifahren Schweiz.jpg
C:\testdata\TP15\Ordner\Sport\Segeln Adria.jpg
C:\testdata\TP15\Ordner\Sport\Segeln Mittelmeer.jpg
C:\testdata\TP15\Ordner\Sport\Start Grazmarathon.jpg
C:\testdata\TP15\Ordner\Universität
C:\testdata\TP15\Ordner\Universität
C:\testdata\TP15\Ordner\Universität
C:\testdata\TP15\Ordner\Universität
C:\testdata\TP15\Ordner\Universität\Bestellschein Uni Innsbruck.pdf
C:\testdata\TP15\Ordner\Universität\Mathematikskriptum.pdf
C:\testdata\TP15\Ordner\Universität\Skriptum Psychoanalyse.pdf
C:\testdata\TP15\Ordner\Universität\Vorlesung BWL.jpg
C:\testdata\TP16\Ordner\Bauanleitungen
C:\testdata\TP16\Ordner\Bauanleitungen
C:\testdata\TP16\Ordner\Bauanleitungen
C:\testdata\TP16\Ordner\Bauanleitungen
C:\testdata\TP16\Ordner\Bauanleitungen\Flieger Bauplan.png
C:\testdata\TP16\Ordner\Bauanleitungen\Hornissenkasten Plan.png
C:\testdata\TP16\Ordner\Bauanleitungen\Kartoffelbatterie.png
C:\testdata\TP16\Ordner\Bauanleitungen\Schaukel Bauanleitung.png
C:\testdata\TP16\Ordner\Bilder
C:\testdata\TP16\Ordner\Bilder
C:\testdata\TP16\Ordner\Bilder\Ausflug Alpensee.jpg
C:\testdata\TP16\Ordner\Bilder\Öffentlicher Verkehr
C:\testdata\TP16\Ordner\Bilder\Öffentlicher Verkehr
C:\testdata\TP16\Ordner\Bilder\Öffentlicher Verkehr
C:\testdata\TP16\Ordner\Bilder\Öffentlicher Verkehr
C:\testdata\TP16\Ordner\Bilder\Öffentlicher Verkehr\GVB Linie 5.jpg
C:\testdata\TP16\Ordner\Bilder\Öffentlicher Verkehr\Netzplan GVB.png
C:\testdata\TP16\Ordner\Bilder\Öffentlicher Verkehr\Netzplan Paris.png
C:\testdata\TP16\Ordner\Bilder\Öffentlicher Verkehr\Wiener Linien.png
C:\testdata\TP16\Ordner\Bilder\Landkarten
C:\testdata\TP16\Ordner\Bilder\Landkarten
C:\testdata\TP16\Ordner\Bilder\Landkarten\Antikes Rom.png
C:\testdata\TP16\Ordner\Bilder\Landkarten\Landkarte Österreich.png
C:\testdata\TP16\Ordner\Bilder\Logos
C:\testdata\TP16\Ordner\Bilder\Logos\Sturmlogo.png
C:\testdata\TP16\Ordner\Bilder\Sehenswürdigkeiten
C:\testdata\TP16\Ordner\Bilder\Sehenswürdigkeiten
C:\testdata\TP16\Ordner\Bilder\Sehenswürdigkeiten\Graz Schlossberg.jpg
C:\testdata\TP16\Ordner\Bilder\Sehenswürdigkeiten\Wien Steffl.jpg
C:\testdata\TP16\Ordner\Bilder\Sport
C:\testdata\TP16\Ordner\Bilder\Sport
C:\testdata\TP16\Ordner\Bilder\Sport
C:\testdata\TP16\Ordner\Bilder\Sport
C:\testdata\TP16\Ordner\Bilder\Sport
C:\testdata\TP16\Ordner\Bilder\Sport\Schifahren Schweiz.jpg
C:\testdata\TP16\Ordner\Bilder\Sport\Segeln Adria.jpg
C:\testdata\TP16\Ordner\Bilder\Sport\Segeln Mittelmeer.jpg
C:\testdata\TP16\Ordner\Bilder\Sport\SK Sturm Knirpse.jpg
C:\testdata\TP16\Ordner\Bilder\Sport\Start Grazmarathon.jpg
C:\testdata\TP16\Ordner\Bilder\Vorlesung BWL.jpg
C:\testdata\TP16\Ordner\Dokumente
C:\testdata\TP16\Ordner\Dokumente
C:\testdata\TP16\Ordner\Dokumente
C:\testdata\TP16\Ordner\Dokumente\Bestellschein Uni Innsbruck.pdf
C:\testdata\TP16\Ordner\Dokumente\Geschichte Wiener Börse.pdf
C:\testdata\TP16\Ordner\Dokumente\Gutscheine
C:\testdata\TP16\Ordner\Dokumente\Gutscheine
C:\testdata\TP16\Ordner\Dokumente\Gutscheine\Gutschein Skoda.pdf
C:\testdata\TP16\Ordner\Dokumente\Gutscheine\IKEA Gutschein.pdf
C:\testdata\TP16\Ordner\Dokumente\Präsentationen
C:\testdata\TP16\Ordner\Dokumente\Präsentationen\Praesentation Sanierung-Insolvenz.pdf
C:\testdata\TP16\Ordner\Dokumente\Skripten
C:\testdata\TP16\Ordner\Dokumente\Skripten
C:\testdata\TP16\Ordner\Dokumente\Skripten\Mathematikskriptum.pdf
C:\testdata\TP16\Ordner\Dokumente\Skripten\Skriptum Psychoanalyse.pdf
C:\testdata\TP16\Ordner\Dokumente\Sport
C:\testdata\TP16\Ordner\Dokumente\Sport
C:\testdata\TP16\Ordner\Dokumente\Sport\Ergebnis Radrennen Tirol.pdf
C:\testdata\TP16\Ordner\Dokumente\Sport\Ergebnis Schifahren Kaprun.pdf
C:\testdata\TP16\Ordner\Dokumente\UPC Musterrechnung.pdf
C:\testdata\TP17\Ordner\Bauanleitungen
C:\testdata\TP17\Ordner\Bauanleitungen
C:\testdata\TP17\Ordner\Bauanleitungen
C:\testdata\TP17\Ordner\Bauanleitungen
C:\testdata\TP17\Ordner\Bauanleitungen\Flieger Bauplan.png
C:\testdata\TP17\Ordner\Bauanleitungen\Hornissenkasten Plan.png
C:\testdata\TP17\Ordner\Bauanleitungen\Kartoffelbatterie.png
C:\testdata\TP17\Ordner\Bauanleitungen\Schaukel Bauanleitung.png
C:\testdata\TP17\Ordner\Formulare_Rechnungen
C:\testdata\TP17\Ordner\Formulare_Rechnungen
C:\testdata\TP17\Ordner\Formulare_Rechnungen\Bestellschein Uni Innsbruck.pdf
C:\testdata\TP17\Ordner\Formulare_Rechnungen\UPC Musterrechnung.pdf
C:\testdata\TP17\Ordner\Gutscheine
C:\testdata\TP17\Ordner\Gutscheine
C:\testdata\TP17\Ordner\Gutscheine\Gutschein Skoda.pdf
C:\testdata\TP17\Ordner\Gutscheine\IKEA Gutschein.pdf
C:\testdata\TP17\Ordner\Land&Staedte
C:\testdata\TP17\Ordner\Land&Staedte\Graz
C:\testdata\TP17\Ordner\Land&Staedte\Graz
C:\testdata\TP17\Ordner\Land&Staedte\Graz
C:\testdata\TP17\Ordner\Land&Staedte\Graz\Graz Schlossberg.jpg
C:\testdata\TP17\Ordner\Land&Staedte\Graz\GVB Linie 5.jpg
C:\testdata\TP17\Ordner\Land&Staedte\Graz\Netzplan GVB.png
C:\testdata\TP17\Ordner\Land&Staedte\Landkarte Österreich.png
C:\testdata\TP17\Ordner\Land&Staedte\Paris
C:\testdata\TP17\Ordner\Land&Staedte\Paris\Netzplan Paris.png
C:\testdata\TP17\Ordner\Land&Staedte\Rom
C:\testdata\TP17\Ordner\Land&Staedte\Rom\Antikes Rom.png
C:\testdata\TP17\Ordner\Land&Staedte\Wien
C:\testdata\TP17\Ordner\Land&Staedte\Wien
C:\testdata\TP17\Ordner\Land&Staedte\Wien\Wiener Linien.png
C:\testdata\TP17\Ordner\Land&Staedte\Wien\Wien Steffl.jpg
C:\testdata\TP17\Ordner\Lehre
C:\testdata\TP17\Ordner\Lehre
C:\testdata\TP17\Ordner\Lehre
C:\testdata\TP17\Ordner\Lehre
C:\testdata\TP17\Ordner\Lehre
C:\testdata\TP17\Ordner\Lehre\Geschichte Wiener Börse.pdf
C:\testdata\TP17\Ordner\Lehre\Mathematikskriptum.pdf
C:\testdata\TP17\Ordner\Lehre\Praesentation Sanierung-Insolvenz.pdf
C:\testdata\TP17\Ordner\Lehre\Skriptum Psychoanalyse.pdf
C:\testdata\TP17\Ordner\Lehre\Vorlesung BWL.jpg
C:\testdata\TP17\Ordner\Sport
C:\testdata\TP17\Ordner\Sport
C:\testdata\TP17\Ordner\Sport
C:\testdata\TP17\Ordner\Sport
C:\testdata\TP17\Ordner\Sport
C:\testdata\TP17\Ordner\Sport
C:\testdata\TP17\Ordner\Sport
C:\testdata\TP17\Ordner\Sport\Ausflug Alpensee.jpg
C:\testdata\TP17\Ordner\Sport\Ergebnis
C:\testdata\TP17\Ordner\Sport\Ergebnis
C:\testdata\TP17\Ordner\Sport\Ergebnis\Ergebnis Radrennen Tirol.pdf
C:\testdata\TP17\Ordner\Sport\Ergebnis\Ergebnis Schifahren Kaprun.pdf
C:\testdata\TP17\Ordner\Sport\Schifahren Schweiz.jpg
C:\testdata\TP17\Ordner\Sport\Segeln Adria.jpg
C:\testdata\TP17\Ordner\Sport\Segeln Mittelmeer.jpg
C:\testdata\TP17\Ordner\Sport\SK Sturm Knirpse.jpg
C:\testdata\TP17\Ordner\Sport\Start Grazmarathon.jpg
C:\testdata\TP17\Ordner\Sport\Sturmlogo.png
C:\testdata\TP18\Ordner\Bauanleitungen
C:\testdata\TP18\Ordner\Bauanleitungen
C:\testdata\TP18\Ordner\Bauanleitungen
C:\testdata\TP18\Ordner\Bauanleitungen
C:\testdata\TP18\Ordner\Bauanleitungen\Flieger Bauplan.png
C:\testdata\TP18\Ordner\Bauanleitungen\Hornissenkasten Plan.png
C:\testdata\TP18\Ordner\Bauanleitungen\Kartoffelbatterie.png
C:\testdata\TP18\Ordner\Bauanleitungen\Schaukel Bauanleitung.png
C:\testdata\TP18\Ordner\Graz lokales
C:\testdata\TP18\Ordner\Graz lokales\Fotos Stadt
C:\testdata\TP18\Ordner\Graz lokales\Fotos Stadt
C:\testdata\TP18\Ordner\Graz lokales\Fotos Stadt
C:\testdata\TP18\Ordner\Graz lokales\Fotos Stadt
C:\testdata\TP18\Ordner\Graz lokales\Fotos Stadt\GVB Linie 5.jpg
C:\testdata\TP18\Ordner\Graz lokales\Fotos Stadt\SK Sturm Knirpse.jpg
C:\testdata\TP18\Ordner\Graz lokales\Fotos Stadt\Start Grazmarathon.jpg
C:\testdata\TP18\Ordner\Graz lokales\Fotos Stadt\Sturmlogo.png
C:\testdata\TP18\Ordner\Graz lokales\Netzplan GVB.png
C:\testdata\TP18\Ordner\Gutscheine
C:\testdata\TP18\Ordner\Gutscheine
C:\testdata\TP18\Ordner\Gutscheine\Gutschein Skoda.pdf
C:\testdata\TP18\Ordner\Gutscheine\IKEA Gutschein.pdf
C:\testdata\TP18\Ordner\Internet Provider
C:\testdata\TP18\Ordner\Internet Provider\UPC Musterrechnung.pdf
C:\testdata\TP18\Ordner\Sport
C:\testdata\TP18\Ordner\Sport
C:\testdata\TP18\Ordner\Sport\Ergebnis Radrennen Tirol.pdf
C:\testdata\TP18\Ordner\Sport\Ergebnis Schifahren Kaprun.pdf
C:\testdata\TP18\Ordner\Uni
C:\testdata\TP18\Ordner\Uni
C:\testdata\TP18\Ordner\Uni\Bestellschein Uni Innsbruck.pdf
C:\testdata\TP18\Ordner\Uni\dies und das
C:\testdata\TP18\Ordner\Uni\dies und das
C:\testdata\TP18\Ordner\Uni\dies und das\Geschichte Wiener Börse.pdf
C:\testdata\TP18\Ordner\Uni\dies und das\Praesentation Sanierung-Insolvenz.pdf
C:\testdata\TP18\Ordner\Uni\Skripten
C:\testdata\TP18\Ordner\Uni\Skripten
C:\testdata\TP18\Ordner\Uni\Skripten\Mathematikskriptum.pdf
C:\testdata\TP18\Ordner\Uni\Skripten\Skriptum Psychoanalyse.pdf
C:\testdata\TP18\Ordner\Uni\Vorlesung BWL.jpg
C:\testdata\TP18\Ordner\Urlaub Reisen Fotos
C:\testdata\TP18\Ordner\Urlaub Reisen Fotos
C:\testdata\TP18\Ordner\Urlaub Reisen Fotos
C:\testdata\TP18\Ordner\Urlaub Reisen Fotos
C:\testdata\TP18\Ordner\Urlaub Reisen Fotos
C:\testdata\TP18\Ordner\Urlaub Reisen Fotos
C:\testdata\TP18\Ordner\Urlaub Reisen Fotos
C:\testdata\TP18\Ordner\Urlaub Reisen Fotos
C:\testdata\TP18\Ordner\Urlaub Reisen Fotos
C:\testdata\TP18\Ordner\Urlaub Reisen Fotos
C:\testdata\TP18\Ordner\Urlaub Reisen Fotos\Antikes Rom.png
C:\testdata\TP18\Ordner\Urlaub Reisen Fotos\Ausflug Alpensee.jpg
C:\testdata\TP18\Ordner\Urlaub Reisen Fotos\Graz Schlossberg.jpg
C:\testdata\TP18\Ordner\Urlaub Reisen Fotos\Landkarte Österreich.png
C:\testdata\TP18\Ordner\Urlaub Reisen Fotos\Netzplan Paris.png
C:\testdata\TP18\Ordner\Urlaub Reisen Fotos\Schifahren Schweiz.jpg
C:\testdata\TP18\Ordner\Urlaub Reisen Fotos\Segeln Adria.jpg
C:\testdata\TP18\Ordner\Urlaub Reisen Fotos\Segeln Mittelmeer.jpg
C:\testdata\TP18\Ordner\Urlaub Reisen Fotos\Wiener Linien.png
C:\testdata\TP18\Ordner\Urlaub Reisen Fotos\Wien Steffl.jpg
