C:\testdata\TP01\Ordner
C:\testdata\TP01\Ordner\Business
C:\testdata\TP01\Ordner\Business\Bestellschein Uni Innsbruck.pdf
C:\testdata\TP01\Ordner\Business\Praesentation Sanierung-Insolvenz.pdf
C:\testdata\TP01\Ordner\Business\UPC Musterrechnung.pdf
C:\testdata\TP01\Ordner\Privat
C:\testdata\TP01\Ordner\Privat\Baupläne
C:\testdata\TP01\Ordner\Privat\Baupläne\Flieger Bauplan.png
C:\testdata\TP01\Ordner\Privat\Baupläne\Hornissenkasten Plan.png
C:\testdata\TP01\Ordner\Privat\Baupläne\Kartoffelbatterie.png
C:\testdata\TP01\Ordner\Privat\Baupläne\Schaukel Bauanleitung.png
C:\testdata\TP01\Ordner\Privat\Bilder
C:\testdata\TP01\Ordner\Privat\Bilder\Antikes Rom.png
C:\testdata\TP01\Ordner\Privat\Bilder\Landkarte Österreich.png
C:\testdata\TP01\Ordner\Privat\Gutschein Skoda.pdf
C:\testdata\TP01\Ordner\Privat\IKEA Gutschein.pdf
C:\testdata\TP01\Ordner\Privat\Sport
C:\testdata\TP01\Ordner\Privat\Sport\Ergebnis Radrennen Tirol.pdf
C:\testdata\TP01\Ordner\Privat\Sport\Ergebnis Schifahren Kaprun.pdf
C:\testdata\TP01\Ordner\Privat\Sport\SK Sturm Knirpse.jpg
C:\testdata\TP01\Ordner\Privat\Sport\Start Grazmarathon.jpg
C:\testdata\TP01\Ordner\Privat\Sport\Sturmlogo.png
C:\testdata\TP01\Ordner\Privat\Urlaub
C:\testdata\TP01\Ordner\Privat\Urlaub\Ausflug Alpensee.jpg
C:\testdata\TP01\Ordner\Privat\Urlaub\Graz Schlossberg.jpg
C:\testdata\TP01\Ordner\Privat\Urlaub\GVB Linie 5.jpg
C:\testdata\TP01\Ordner\Privat\Urlaub\Netzplan GVB.png
C:\testdata\TP01\Ordner\Privat\Urlaub\Netzplan Paris.png
C:\testdata\TP01\Ordner\Privat\Urlaub\Schifahren Schweiz.jpg
C:\testdata\TP01\Ordner\Privat\Urlaub\Segeln Adria.jpg
C:\testdata\TP01\Ordner\Privat\Urlaub\Segeln Mittelmeer.jpg
C:\testdata\TP01\Ordner\Privat\Urlaub\Wiener Linien.png
C:\testdata\TP01\Ordner\Privat\Urlaub\Wien Steffl.jpg
C:\testdata\TP01\Ordner\Uni
C:\testdata\TP01\Ordner\Uni\Geschichte Wiener Börse.pdf
C:\testdata\TP01\Ordner\Uni\Mathematik
C:\testdata\TP01\Ordner\Uni\Mathematik\Mathematikskriptum.pdf
C:\testdata\TP01\Ordner\Uni\Psychoanalyse
C:\testdata\TP01\Ordner\Uni\Psychoanalyse\Skriptum Psychoanalyse.pdf
C:\testdata\TP01\Ordner\Uni\Vorlesung BWL.jpg
C:\testdata\TP02\Ordner
C:\testdata\TP02\Ordner\Dokumente
C:\testdata\TP02\Ordner\Dokumente\Anleitungen
C:\testdata\TP02\Ordner\Dokumente\Anleitungen\Flieger Bauplan.png
C:\testdata\TP02\Ordner\Dokumente\Anleitungen\Hornissenkasten Plan.png
C:\testdata\TP02\Ordner\Dokumente\Anleitungen\Kartoffelbatterie.png
C:\testdata\TP02\Ordner\Dokumente\Anleitungen\Schaukel Bauanleitung.png
C:\testdata\TP02\Ordner\Dokumente\Bestellungen
C:\testdata\TP02\Ordner\Dokumente\Bestellungen\Bestellschein Uni Innsbruck.pdf
C:\testdata\TP02\Ordner\Dokumente\Gutscheine
C:\testdata\TP02\Ordner\Dokumente\Gutscheine\Gutschein Skoda.pdf
C:\testdata\TP02\Ordner\Dokumente\Gutscheine\IKEA Gutschein.pdf
C:\testdata\TP02\Ordner\Dokumente\Rechnungen
C:\testdata\TP02\Ordner\Dokumente\Rechnungen\UPC Musterrechnung.pdf
C:\testdata\TP02\Ordner\Fotos
C:\testdata\TP02\Ordner\Fotos\Sonstige
C:\testdata\TP02\Ordner\Fotos\Sonstige\Antikes Rom.png
C:\testdata\TP02\Ordner\Fotos\Sonstige\SK Sturm Knirpse.jpg
C:\testdata\TP02\Ordner\Fotos\Sonstige\Sturmlogo.png
C:\testdata\TP02\Ordner\Fotos\Sonstige\Vorlesung BWL.jpg
C:\testdata\TP02\Ordner\Fotos\Urlaub
C:\testdata\TP02\Ordner\Fotos\Urlaub\Ausflug Alpensee.jpg
C:\testdata\TP02\Ordner\Fotos\Urlaub\Graz Schlossberg.jpg
C:\testdata\TP02\Ordner\Fotos\Urlaub\Schifahren Schweiz.jpg
C:\testdata\TP02\Ordner\Fotos\Urlaub\Segeln Adria.jpg
C:\testdata\TP02\Ordner\Fotos\Urlaub\Segeln Mittelmeer.jpg
C:\testdata\TP02\Ordner\Fotos\Urlaub\Start Grazmarathon.jpg
C:\testdata\TP02\Ordner\Fotos\Urlaub\Wien Steffl.jpg
C:\testdata\TP02\Ordner\Sport
C:\testdata\TP02\Ordner\Sport\Ergebnisse
C:\testdata\TP02\Ordner\Sport\Ergebnisse\Ergebnis Radrennen Tirol.pdf
C:\testdata\TP02\Ordner\Sport\Ergebnisse\Ergebnis Schifahren Kaprun.pdf
C:\testdata\TP02\Ordner\Studium
C:\testdata\TP02\Ordner\Studium\Geschichte Wiener Börse.pdf
C:\testdata\TP02\Ordner\Studium\Mathematikskriptum.pdf
C:\testdata\TP02\Ordner\Studium\Praesentation Sanierung-Insolvenz.pdf
C:\testdata\TP02\Ordner\Studium\Skriptum Psychoanalyse.pdf
C:\testdata\TP02\Ordner\Urlaub
C:\testdata\TP02\Ordner\Urlaub\Stadtpläne
C:\testdata\TP02\Ordner\Urlaub\Stadtpläne\GVB Linie 5.jpg
C:\testdata\TP02\Ordner\Urlaub\Stadtpläne\Landkarte Österreich.png
C:\testdata\TP02\Ordner\Urlaub\Stadtpläne\Netzplan GVB.png
C:\testdata\TP02\Ordner\Urlaub\Stadtpläne\Netzplan Paris.png
C:\testdata\TP02\Ordner\Urlaub\Stadtpläne\Wiener Linien.png
C:\testdata\TP03\Ordner
C:\testdata\TP03\Ordner\Privat
C:\testdata\TP03\Ordner\Privat\Fotos
C:\testdata\TP03\Ordner\Privat\Fotos\Ausflug Alpensee.jpg
C:\testdata\TP03\Ordner\Privat\Fotos\Graz Schlossberg.jpg
C:\testdata\TP03\Ordner\Privat\Fotos\GVB Linie 5.jpg
C:\testdata\TP03\Ordner\Privat\Fotos\Schifahren Schweiz.jpg
C:\testdata\TP03\Ordner\Privat\Fotos\Segeln Adria.jpg
C:\testdata\TP03\Ordner\Privat\Fotos\Segeln Mittelmeer.jpg
C:\testdata\TP03\Ordner\Privat\Fotos\SK Sturm Knirpse.jpg
C:\testdata\TP03\Ordner\Privat\Fotos\Start Grazmarathon.jpg
C:\testdata\TP03\Ordner\Privat\Fotos\Vorlesung BWL.jpg
C:\testdata\TP03\Ordner\Privat\Fotos\Wien Steffl.jpg
C:\testdata\TP03\Ordner\Privat\Gutscheine
C:\testdata\TP03\Ordner\Privat\Gutscheine\Gutschein Skoda.pdf
C:\testdata\TP03\Ordner\Privat\Gutscheine\IKEA Gutschein.pdf
C:\testdata\TP03\Ordner\Privat\Rad und Ski Ergebnisse
C:\testdata\TP03\Ordner\Privat\Rad und Ski Ergebnisse\Ergebnis Radrennen Tirol.pdf
C:\testdata\TP03\Ordner\Privat\Rad und Ski Ergebnisse\Ergebnis Schifahren Kaprun.pdf
C:\testdata\TP03\Ordner\Privat\Sonstiges
C:\testdata\TP03\Ordner\Privat\Sonstiges\UPC Musterrechnung.pdf
C:\testdata\TP03\Ordner\Sonstiges
C:\testdata\TP03\Ordner\Sonstiges\Baupläne
C:\testdata\TP03\Ordner\Sonstiges\Baupläne\Flieger Bauplan.png
C:\testdata\TP03\Ordner\Sonstiges\Baupläne\Hornissenkasten Plan.png
C:\testdata\TP03\Ordner\Sonstiges\Baupläne\Kartoffelbatterie.png
C:\testdata\TP03\Ordner\Sonstiges\Baupläne\Schaukel Bauanleitung.png
C:\testdata\TP03\Ordner\Sonstiges\Netzpläne
C:\testdata\TP03\Ordner\Sonstiges\Netzpläne\Netzplan GVB.png
C:\testdata\TP03\Ordner\Sonstiges\Netzpläne\Netzplan Paris.png
C:\testdata\TP03\Ordner\Sonstiges\Netzpläne\Wiener Linien.png
C:\testdata\TP03\Ordner\Sonstiges\Sturmlogo.png
C:\testdata\TP03\Ordner\Uni
C:\testdata\TP03\Ordner\Uni\Antikes Rom.png
C:\testdata\TP03\Ordner\Uni\Skripten und Unterlagen
C:\testdata\TP03\Ordner\Uni\Skripten und Unterlagen\Geschichte Wiener Börse.pdf
C:\testdata\TP03\Ordner\Uni\Skripten und Unterlagen\Mathematik
C:\testdata\TP03\Ordner\Uni\Skripten und Unterlagen\Mathematik\Mathematikskriptum.pdf
C:\testdata\TP03\Ordner\Uni\Skripten und Unterlagen\Praesentation Sanierung-Insolvenz.pdf
C:\testdata\TP03\Ordner\Uni\Skripten und Unterlagen\Psychologie
C:\testdata\TP03\Ordner\Uni\Skripten und Unterlagen\Psychologie\Skriptum Psychoanalyse.pdf
C:\testdata\TP03\Ordner\Uni\Sonstiges
C:\testdata\TP03\Ordner\Uni\Sonstiges\Bestellschein Uni Innsbruck.pdf
C:\testdata\TP03\Ordner\Uni\Sonstiges\Landkarte Österreich.png
C:\testdata\TP04\Ordner
C:\testdata\TP04\Ordner\basteln
C:\testdata\TP04\Ordner\basteln\Flieger Bauplan.png
C:\testdata\TP04\Ordner\basteln\Hornissenkasten Plan.png
C:\testdata\TP04\Ordner\basteln\Kartoffelbatterie.png
C:\testdata\TP04\Ordner\basteln\Schaukel Bauanleitung.png
C:\testdata\TP04\Ordner\osm
C:\testdata\TP04\Ordner\osm\Antikes Rom.png
C:\testdata\TP04\Ordner\osm\GVB Linie 5.jpg
C:\testdata\TP04\Ordner\osm\Landkarte Österreich.png
C:\testdata\TP04\Ordner\osm\Netzplan GVB.png
C:\testdata\TP04\Ordner\osm\Netzplan Paris.png
C:\testdata\TP04\Ordner\osm\Wiener Linien.png
C:\testdata\TP04\Ordner\photos
C:\testdata\TP04\Ordner\photos\Ausflug Alpensee.jpg
C:\testdata\TP04\Ordner\photos\Graz Schlossberg.jpg
C:\testdata\TP04\Ordner\photos\Wien Steffl.jpg
C:\testdata\TP04\Ordner\sport
C:\testdata\TP04\Ordner\sport\Ergebnis Radrennen Tirol.pdf
C:\testdata\TP04\Ordner\sport\other
C:\testdata\TP04\Ordner\sport\other\SK Sturm Knirpse.jpg
C:\testdata\TP04\Ordner\sport\other\Start Grazmarathon.jpg
C:\testdata\TP04\Ordner\sport\other\Sturmlogo.png
C:\testdata\TP04\Ordner\sport\Segeln Adria.jpg
C:\testdata\TP04\Ordner\sport\Segeln Mittelmeer.jpg
C:\testdata\TP04\Ordner\sport\ski
C:\testdata\TP04\Ordner\sport\ski\Ergebnis Schifahren Kaprun.pdf
C:\testdata\TP04\Ordner\sport\ski\Schifahren Schweiz.jpg
C:\testdata\TP04\Ordner\todo
C:\testdata\TP04\Ordner\todo\Gutschein Skoda.pdf
C:\testdata\TP04\Ordner\todo\IKEA Gutschein.pdf
C:\testdata\TP04\Ordner\uni
C:\testdata\TP04\Ordner\uni\Bestellschein Uni Innsbruck.pdf
C:\testdata\TP04\Ordner\uni\bwl
C:\testdata\TP04\Ordner\uni\bwl\Geschichte Wiener Börse.pdf
C:\testdata\TP04\Ordner\uni\bwl\Praesentation Sanierung-Insolvenz.pdf
C:\testdata\TP04\Ordner\uni\bwl\UPC Musterrechnung.pdf
C:\testdata\TP04\Ordner\uni\Mathematikskriptum.pdf
C:\testdata\TP04\Ordner\uni\Skriptum Psychoanalyse.pdf
C:\testdata\TP04\Ordner\uni\Vorlesung BWL.jpg
C:\testdata\TP05\Ordner
C:\testdata\TP05\Ordner\Docs
C:\testdata\TP05\Ordner\Docs\Ergebnislisten
C:\testdata\TP05\Ordner\Docs\Ergebnislisten\Ergebnis Radrennen Tirol.pdf
C:\testdata\TP05\Ordner\Docs\Ergebnislisten\Ergebnis Schifahren Kaprun.pdf
C:\testdata\TP05\Ordner\Docs\Forms
C:\testdata\TP05\Ordner\Docs\Forms\Bestellschein Uni Innsbruck.pdf
C:\testdata\TP05\Ordner\Docs\Forms\UPC Musterrechnung.pdf
C:\testdata\TP05\Ordner\Docs\Gutscheine
C:\testdata\TP05\Ordner\Docs\Gutscheine\Gutschein Skoda.pdf
C:\testdata\TP05\Ordner\Docs\Gutscheine\IKEA Gutschein.pdf
C:\testdata\TP05\Ordner\Docs\Info
C:\testdata\TP05\Ordner\Docs\Info\Geschichte Wiener Börse.pdf
C:\testdata\TP05\Ordner\Docs\Info\Praesentation Sanierung-Insolvenz.pdf
C:\testdata\TP05\Ordner\Docs\Skripten
C:\testdata\TP05\Ordner\Docs\Skripten\Mathematikskriptum.pdf
C:\testdata\TP05\Ordner\Docs\Skripten\Skriptum Psychoanalyse.pdf
C:\testdata\TP05\Ordner\Fotos
C:\testdata\TP05\Ordner\Fotos\Ausflug Alpensee - Copy.jpg
C:\testdata\TP05\Ordner\Fotos\Ausflug Alpensee.jpg
C:\testdata\TP05\Ordner\Fotos\Graz Schlossberg - Copy.jpg
C:\testdata\TP05\Ordner\Fotos\Graz Schlossberg.jpg
C:\testdata\TP05\Ordner\Fotos\GVB Linie 5.jpg
C:\testdata\TP05\Ordner\Fotos\Schifahren Schweiz.jpg
C:\testdata\TP05\Ordner\Fotos\Segeln Adria.jpg
C:\testdata\TP05\Ordner\Fotos\Segeln Mittelmeer.jpg
C:\testdata\TP05\Ordner\Fotos\SK Sturm Knirpse.jpg
C:\testdata\TP05\Ordner\Fotos\Start Grazmarathon.jpg
C:\testdata\TP05\Ordner\Fotos\Vorlesung BWL.jpg
C:\testdata\TP05\Ordner\Fotos\Wien Steffl.jpg
C:\testdata\TP05\Ordner\Infografics
C:\testdata\TP05\Ordner\Infografics\Antikes Rom.png
C:\testdata\TP05\Ordner\Infografics\Flieger Bauplan.png
C:\testdata\TP05\Ordner\Infografics\Hornissenkasten Plan.png
C:\testdata\TP05\Ordner\Infografics\Kartoffelbatterie.png
C:\testdata\TP05\Ordner\Infografics\Landkarte Österreich.png
C:\testdata\TP05\Ordner\Infografics\Netzplan GVB.png
C:\testdata\TP05\Ordner\Infografics\Netzplan Paris.png
C:\testdata\TP05\Ordner\Infografics\Schaukel Bauanleitung.png
C:\testdata\TP05\Ordner\Infografics\Sturmlogo.png
C:\testdata\TP05\Ordner\Infografics\Wiener Linien.png
C:\testdata\TP06\Ordner
C:\testdata\TP06\Ordner\Fotos
C:\testdata\TP06\Ordner\Fotos\Allerlei
C:\testdata\TP06\Ordner\Fotos\Allerlei\Ausflug Alpensee.jpg
C:\testdata\TP06\Ordner\Fotos\Allerlei\Vorlesung BWL.jpg
C:\testdata\TP06\Ordner\Fotos\Sport
C:\testdata\TP06\Ordner\Fotos\Sport\Schifahren Schweiz.jpg
C:\testdata\TP06\Ordner\Fotos\Sport\Segeln Adria.jpg
C:\testdata\TP06\Ordner\Fotos\Sport\Segeln Mittelmeer.jpg
C:\testdata\TP06\Ordner\Fotos\Sport\SK Sturm Knirpse.jpg
C:\testdata\TP06\Ordner\Fotos\Sport\Start Grazmarathon.jpg
C:\testdata\TP06\Ordner\Fotos\Sport\Sturmlogo.png
C:\testdata\TP06\Ordner\Fotos\Staedte
C:\testdata\TP06\Ordner\Fotos\Staedte\Antikes Rom.png
C:\testdata\TP06\Ordner\Fotos\Staedte\Graz Schlossberg.jpg
C:\testdata\TP06\Ordner\Fotos\Staedte\Landkarte Österreich.png
C:\testdata\TP06\Ordner\Fotos\Staedte\Wien Steffl.jpg
C:\testdata\TP06\Ordner\Fotos\Verkehr
C:\testdata\TP06\Ordner\Fotos\Verkehr\GVB Linie 5.jpg
C:\testdata\TP06\Ordner\Fotos\Verkehr\Netzplan GVB.png
C:\testdata\TP06\Ordner\Fotos\Verkehr\Netzplan Paris.png
C:\testdata\TP06\Ordner\Fotos\Verkehr\Wiener Linien.png
C:\testdata\TP06\Ordner\Gutscheine-Formales
C:\testdata\TP06\Ordner\Gutscheine-Formales\Bestellschein Uni Innsbruck.pdf
C:\testdata\TP06\Ordner\Gutscheine-Formales\Geschichte Wiener Börse.pdf
C:\testdata\TP06\Ordner\Gutscheine-Formales\Gutschein Skoda.pdf
C:\testdata\TP06\Ordner\Gutscheine-Formales\IKEA Gutschein.pdf
C:\testdata\TP06\Ordner\Gutscheine-Formales\UPC Musterrechnung.pdf
C:\testdata\TP06\Ordner\Unterlagen
C:\testdata\TP06\Ordner\Unterlagen\Ergebnislisten
C:\testdata\TP06\Ordner\Unterlagen\Ergebnislisten\Ergebnis Radrennen Tirol.pdf
C:\testdata\TP06\Ordner\Unterlagen\Ergebnislisten\Ergebnis Schifahren Kaprun.pdf
C:\testdata\TP06\Ordner\Unterlagen\Skripten
C:\testdata\TP06\Ordner\Unterlagen\Skripten\Plaene-Anleitungen
C:\testdata\TP06\Ordner\Unterlagen\Skripten\Plaene-Anleitungen\Flieger Bauplan.png
C:\testdata\TP06\Ordner\Unterlagen\Skripten\Plaene-Anleitungen\Hornissenkasten Plan.png
C:\testdata\TP06\Ordner\Unterlagen\Skripten\Plaene-Anleitungen\Kartoffelbatterie.png
C:\testdata\TP06\Ordner\Unterlagen\Skripten\Plaene-Anleitungen\Schaukel Bauanleitung.png
C:\testdata\TP06\Ordner\Unterlagen\Skripten\vorlesungen
C:\testdata\TP06\Ordner\Unterlagen\Skripten\vorlesungen\Mathematikskriptum.pdf
C:\testdata\TP06\Ordner\Unterlagen\Skripten\vorlesungen\Praesentation Sanierung-Insolvenz.pdf
C:\testdata\TP06\Ordner\Unterlagen\Skripten\vorlesungen\Skriptum Psychoanalyse.pdf
C:\testdata\TP07\Ordner
C:\testdata\TP07\Ordner\Basteln
C:\testdata\TP07\Ordner\Basteln\Flieger Bauplan.png
C:\testdata\TP07\Ordner\Basteln\Hornissenkasten Plan.png
C:\testdata\TP07\Ordner\Basteln\Kartoffelbatterie.png
C:\testdata\TP07\Ordner\Basteln\Schaukel Bauanleitung.png
C:\testdata\TP07\Ordner\Bildung
C:\testdata\TP07\Ordner\Bildung\Bestellschein Uni Innsbruck.pdf
C:\testdata\TP07\Ordner\Bildung\Mathematikskriptum.pdf
C:\testdata\TP07\Ordner\Bildung\Praesentation Sanierung-Insolvenz.pdf
C:\testdata\TP07\Ordner\Bildung\Skriptum Psychoanalyse.pdf
C:\testdata\TP07\Ordner\Bildung\Vorlesung BWL.jpg
C:\testdata\TP07\Ordner\Finanzen
C:\testdata\TP07\Ordner\Finanzen\Geschichte Wiener Börse.pdf
C:\testdata\TP07\Ordner\Finanzen\Gutschein Skoda.pdf
C:\testdata\TP07\Ordner\Finanzen\IKEA Gutschein.pdf
C:\testdata\TP07\Ordner\Finanzen\UPC Musterrechnung.pdf
C:\testdata\TP07\Ordner\Geschichte Geographie
C:\testdata\TP07\Ordner\Geschichte Geographie\Antikes Rom.png
C:\testdata\TP07\Ordner\Geschichte Geographie\Landkarte Österreich.png
C:\testdata\TP07\Ordner\Geschichte Geographie\Reise
C:\testdata\TP07\Ordner\Geschichte Geographie\Reise\Ausflug Alpensee.jpg
C:\testdata\TP07\Ordner\Geschichte Geographie\Reise\Graz Schlossberg.jpg
C:\testdata\TP07\Ordner\Geschichte Geographie\Reise\GVB Linie 5.jpg
C:\testdata\TP07\Ordner\Geschichte Geographie\Reise\Netzplan GVB.png
C:\testdata\TP07\Ordner\Geschichte Geographie\Reise\Netzplan Paris.png
C:\testdata\TP07\Ordner\Geschichte Geographie\Reise\Schifahren Schweiz.jpg
C:\testdata\TP07\Ordner\Geschichte Geographie\Reise\Segeln Adria.jpg
C:\testdata\TP07\Ordner\Geschichte Geographie\Reise\Segeln Mittelmeer.jpg
C:\testdata\TP07\Ordner\Geschichte Geographie\Reise\Wiener Linien.png
C:\testdata\TP07\Ordner\Geschichte Geographie\Wien Steffl.jpg
C:\testdata\TP07\Ordner\Sport
C:\testdata\TP07\Ordner\Sport\Ergebnis Radrennen Tirol.pdf
C:\testdata\TP07\Ordner\Sport\Ergebnis Schifahren Kaprun.pdf
C:\testdata\TP07\Ordner\Sport\SK Sturm Knirpse.jpg
C:\testdata\TP07\Ordner\Sport\Start Grazmarathon.jpg
C:\testdata\TP07\Ordner\Sport\Sturmlogo.png
C:\testdata\TP08\Ordner
C:\testdata\TP08\Ordner\Bilder
C:\testdata\TP08\Ordner\Bilder\Ausflüge
C:\testdata\TP08\Ordner\Bilder\Ausflüge\Frankreich
C:\testdata\TP08\Ordner\Bilder\Ausflüge\Frankreich\Paris
C:\testdata\TP08\Ordner\Bilder\Ausflüge\Frankreich\Paris\Netzplan Paris.png
C:\testdata\TP08\Ordner\Bilder\Ausflüge\Italien
C:\testdata\TP08\Ordner\Bilder\Ausflüge\Italien\Rom
C:\testdata\TP08\Ordner\Bilder\Ausflüge\Italien\Rom\Antikes Rom.png
C:\testdata\TP08\Ordner\Bilder\Ausflüge\Österreich
C:\testdata\TP08\Ordner\Bilder\Ausflüge\Österreich\Graz
C:\testdata\TP08\Ordner\Bilder\Ausflüge\Österreich\Graz\Ausflug Alpensee.jpg
C:\testdata\TP08\Ordner\Bilder\Ausflüge\Österreich\Graz\Graz Schlossberg.jpg
C:\testdata\TP08\Ordner\Bilder\Ausflüge\Österreich\Graz\GVB Linie 5.jpg
C:\testdata\TP08\Ordner\Bilder\Ausflüge\Österreich\Graz\Netzplan GVB.png
C:\testdata\TP08\Ordner\Bilder\Ausflüge\Österreich\Landkarte Österreich.png
C:\testdata\TP08\Ordner\Bilder\Ausflüge\Österreich\Wien
C:\testdata\TP08\Ordner\Bilder\Ausflüge\Österreich\Wien\Wiener Linien.png
C:\testdata\TP08\Ordner\Bilder\Ausflüge\Österreich\Wien\Wien Steffl.jpg
C:\testdata\TP08\Ordner\Bilder\Sehenswürdigkeiten
C:\testdata\TP08\Ordner\Bilder\Sehenswürdigkeiten\Österreich
C:\testdata\TP08\Ordner\Bilder\Sehenswürdigkeiten\Österreich\Graz
C:\testdata\TP08\Ordner\Bilder\Sport
C:\testdata\TP08\Ordner\Bilder\Sport\Fußball
C:\testdata\TP08\Ordner\Bilder\Sport\Fußball\SK Sturm Knirpse.jpg
C:\testdata\TP08\Ordner\Bilder\Sport\Fußball\Sturmlogo.png
C:\testdata\TP08\Ordner\Bilder\Sport\Laufsport
C:\testdata\TP08\Ordner\Bilder\Sport\Laufsport\Start Grazmarathon.jpg
C:\testdata\TP08\Ordner\Bilder\Sport\Segeln
C:\testdata\TP08\Ordner\Bilder\Sport\Segeln\Segeln Adria.jpg
C:\testdata\TP08\Ordner\Bilder\Sport\Segeln\Segeln Mittelmeer.jpg
C:\testdata\TP08\Ordner\Bilder\Sport\Ski-Fahren
C:\testdata\TP08\Ordner\Bilder\Sport\Ski-Fahren\Schifahren Schweiz.jpg
C:\testdata\TP08\Ordner\Privates
C:\testdata\TP08\Ordner\Privates\Bauanleitungen
C:\testdata\TP08\Ordner\Privates\Bauanleitungen\Flieger Bauplan.png
C:\testdata\TP08\Ordner\Privates\Bauanleitungen\Hornissenkasten Plan.png
C:\testdata\TP08\Ordner\Privates\Bauanleitungen\Kartoffelbatterie.png
C:\testdata\TP08\Ordner\Privates\Bauanleitungen\Schaukel Bauanleitung.png
C:\testdata\TP08\Ordner\Privates\Gutscheine
C:\testdata\TP08\Ordner\Privates\Gutscheine\Gutschein Skoda.pdf
C:\testdata\TP08\Ordner\Privates\Gutscheine\IKEA Gutschein.pdf
C:\testdata\TP08\Ordner\Privates\Sport
C:\testdata\TP08\Ordner\Privates\Sportveranstaltungen
C:\testdata\TP08\Ordner\Privates\Sportveranstaltungen\Ergebnis Radrennen Tirol.pdf
C:\testdata\TP08\Ordner\Privates\Sportveranstaltungen\Ergebnis Schifahren Kaprun.pdf
C:\testdata\TP08\Ordner\Studium
C:\testdata\TP08\Ordner\Studium\Allgemeines
C:\testdata\TP08\Ordner\Studium\Allgemeines\Bestellschein Uni Innsbruck.pdf
C:\testdata\TP08\Ordner\Studium\BWL
C:\testdata\TP08\Ordner\Studium\BWL\Bilder
C:\testdata\TP08\Ordner\Studium\BWL\Bilder\Vorlesung BWL.jpg
C:\testdata\TP08\Ordner\Studium\BWL\Buchhaltung
C:\testdata\TP08\Ordner\Studium\BWL\Buchhaltung\UPC Musterrechnung.pdf
C:\testdata\TP08\Ordner\Studium\BWL\Insolvenz
C:\testdata\TP08\Ordner\Studium\BWL\Insolvenz\Praesentation Sanierung-Insolvenz.pdf
C:\testdata\TP08\Ordner\Studium\BWL\Mathematik
C:\testdata\TP08\Ordner\Studium\BWL\Mathematik\Mathematikskriptum.pdf
C:\testdata\TP08\Ordner\Studium\BWL\Wissenswertes
C:\testdata\TP08\Ordner\Studium\BWL\Wissenswertes\Geschichte Wiener Börse.pdf
C:\testdata\TP08\Ordner\Studium\BWL\Wissenswertes\Psychologie
C:\testdata\TP08\Ordner\Studium\BWL\Wissenswertes\Psychologie\Skriptum Psychoanalyse.pdf
C:\testdata\TP09\Ordner
C:\testdata\TP09\Ordner\Bilder
C:\testdata\TP09\Ordner\Bilder\Antikes Rom.png
C:\testdata\TP09\Ordner\Bilder\Familie
C:\testdata\TP09\Ordner\Bilder\Familie\SK Sturm Knirpse.jpg
C:\testdata\TP09\Ordner\Bilder\Start Grazmarathon.jpg
C:\testdata\TP09\Ordner\Bilder\Urlaub
C:\testdata\TP09\Ordner\Bilder\Urlaub\Ausflug Alpensee.jpg
C:\testdata\TP09\Ordner\Bilder\Urlaub\Graz Schlossberg.jpg
C:\testdata\TP09\Ordner\Bilder\Urlaub\Schifahren Schweiz.jpg
C:\testdata\TP09\Ordner\Bilder\Urlaub\Segeln Adria.jpg
C:\testdata\TP09\Ordner\Bilder\Urlaub\Segeln Mittelmeer.jpg
C:\testdata\TP09\Ordner\Dokumente
C:\testdata\TP09\Ordner\Dokumente\UPC Musterrechnung.pdf
C:\testdata\TP09\Ordner\Gutscheine
C:\testdata\TP09\Ordner\Gutscheine\Gutschein Skoda.pdf
C:\testdata\TP09\Ordner\Gutscheine\IKEA Gutschein.pdf
C:\testdata\TP09\Ordner\sonstiges
C:\testdata\TP09\Ordner\sonstiges\Bestellschein Uni Innsbruck.pdf
C:\testdata\TP09\Ordner\sonstiges\öffentl Verkehr
C:\testdata\TP09\Ordner\sonstiges\öffentl Verkehr\GVB Linie 5.jpg
C:\testdata\TP09\Ordner\sonstiges\öffentl Verkehr\Landkarte Österreich.png
C:\testdata\TP09\Ordner\sonstiges\öffentl Verkehr\Netzplan GVB.png
C:\testdata\TP09\Ordner\sonstiges\öffentl Verkehr\Netzplan Paris.png
C:\testdata\TP09\Ordner\sonstiges\öffentl Verkehr\Wiener Linien.png
C:\testdata\TP09\Ordner\sonstiges\unwichtiges
C:\testdata\TP09\Ordner\sonstiges\unwichtiges\Kartoffelbatterie.png
C:\testdata\TP09\Ordner\sonstiges\unwichtiges\Praesentation Sanierung-Insolvenz.pdf
C:\testdata\TP09\Ordner\sonstiges\unwichtiges\Sturmlogo.png
C:\testdata\TP09\Ordner\Sport und Freizeit
C:\testdata\TP09\Ordner\Sport und Freizeit\Ergebnis Radrennen Tirol.pdf
C:\testdata\TP09\Ordner\Sport und Freizeit\Ergebnis Schifahren Kaprun.pdf
C:\testdata\TP09\Ordner\Uni
C:\testdata\TP09\Ordner\Uni\Geschichte Wiener Börse.pdf
C:\testdata\TP09\Ordner\Uni\Mathematikskriptum.pdf
C:\testdata\TP09\Ordner\Uni\Skriptum Psychoanalyse.pdf
C:\testdata\TP09\Ordner\Uni\Vorlesung BWL.jpg
C:\testdata\TP09\Ordner\Uni\Wien Steffl.jpg
C:\testdata\TP09\Ordner\Zeichnungen
C:\testdata\TP09\Ordner\Zeichnungen\Flieger Bauplan.png
C:\testdata\TP09\Ordner\Zeichnungen\Hornissenkasten Plan.png
C:\testdata\TP09\Ordner\Zeichnungen\Schaukel Bauanleitung.png
